2020-04-13 10:27:12,156 ERROR 21416 [egg-freelog-mongoose] mongodb://119.23.45.143:27018/resource disconnected
2020-04-13 10:27:12,159 ERROR 21416 nodejs.MongooseServerSelectionError: connect ECONNREFUSED 119.23.45.143:27018
    at new MongooseServerSelectionError (D:\工作\freelog-resource-provider\node_modules\mongoose\lib\error\serverSelection.js:22:11)
    at NativeConnection.Connection.openUri (D:\工作\freelog-resource-provider\node_modules\mongoose\lib\connection.js:823:32)
    at Mongoose.createConnection (D:\工作\freelog-resource-provider\node_modules\mongoose\lib\index.js:279:17)
    at module.exports (D:\工作\freelog-resource-provider\node_modules\egg-freelog-database\lib\database\mongoose.js:26:31)
    at module.exports (D:\工作\freelog-resource-provider\node_modules\egg-freelog-database\app.js:9:28)
    at Hook.configDidLoad (D:\工作\freelog-resource-provider\node_modules\egg-core\lib\lifecycle.js:91:9)
    at Lifecycle.triggerConfigDidLoad (D:\工作\freelog-resource-provider\node_modules\egg-core\lib\lifecycle.js:145:14)
    at Lifecycle.triggerConfigWillLoad (D:\工作\freelog-resource-provider\node_modules\egg-core\lib\lifecycle.js:139:10)
    at AppWorkerLoader.loadCustomApp (D:\工作\freelog-resource-provider\node_modules\egg-core\lib\loader\mixin\custom.js:37:20)
    at AppWorkerLoader.load (D:\工作\freelog-resource-provider\node_modules\egg\lib\loader\app_worker_loader.js:35:10)
    at new Application (D:\工作\freelog-resource-provider\node_modules\egg\lib\application.js:66:19)
    at new Application (D:\工作\freelog-resource-provider\node_modules\egg-freelog-base\lib\framework.js:7:1)
    at Object.<anonymous> (D:\工作\freelog-resource-provider\node_modules\egg-cluster\lib\app_worker.js:21:13)
    at Module._compile (internal/modules/cjs/loader.js:959:30)
    at Object.Module._extensions..js (internal/modules/cjs/loader.js:995:10)
    at Module.load (internal/modules/cjs/loader.js:815:32)
    at Function.Module._load (internal/modules/cjs/loader.js:727:14)
    at Function.Module.runMain (internal/modules/cjs/loader.js:1047:10)
    at internal/main/run_main_module.js:17:11
message: "connect ECONNREFUSED 119.23.45.143:27018"
name: "MongooseServerSelectionError"
reason: {"type":"Single","setName":null,"maxSetVersion":null,"maxElectionId":null,"servers":{},"stale":false,"compatible":true,"compatibilityError":null,"logicalSessionTimeoutMinutes":null,"heartbeatFrequencyMS":10000,"localThresholdMS":15,"commonWireVersion":null}
pid: 21416
hostname: yuliang

2020-04-13 10:33:04,198 ERROR 15564 nodejs.unhandledRejectionError: Aggregate has empty pipeline
    at D:\工作\freelog-resource-provider\node_modules\mongoose\lib\aggregate.js:971:19
    at D:\工作\freelog-resource-provider\node_modules\kareem\index.js:23:7
    at processTicksAndRejections (internal/process/task_queues.js:75:11)
name: "unhandledRejectionError"
pid: 15564
hostname: yuliang

